<?xml version="1.0" encoding="UTF-8"?>
<testng-results ignored="0" total="2" passed="1" failed="1" skipped="0">
  <reporter-output>
  </reporter-output>
  <suite started-at="2024-07-05T13:44:47 IST" name="Suite" finished-at="2024-07-05T13:45:09 IST" duration-ms="21554">
    <groups>
    </groups>
    <test started-at="2024-07-05T13:44:47 IST" name="Test" finished-at="2024-07-05T13:45:09 IST" duration-ms="21554">
      <class name="testCase.Testcase1">
        <test-method is-config="true" signature="launchBrwoser()[pri:0, instance:testCase.Testcase1@3c7f66c4]" started-at="2024-07-05T13:44:47 IST" name="launchBrwoser" finished-at="2024-07-05T13:44:55 IST" duration-ms="7924" status="PASS">
          <reporter-output>
          </reporter-output>
        </test-method> <!-- launchBrwoser -->
        <test-method is-config="true" signature="loginpage()[pri:0, instance:testCase.Testcase1@3c7f66c4]" started-at="2024-07-05T13:44:55 IST" name="loginpage" finished-at="2024-07-05T13:44:58 IST" duration-ms="2528" status="PASS">
          <reporter-output>
          </reporter-output>
        </test-method> <!-- loginpage -->
        <test-method signature="tc1()[pri:0, instance:testCase.Testcase1@3c7f66c4]" started-at="2024-07-05T13:44:58 IST" name="tc1" finished-at="2024-07-05T13:45:04 IST" duration-ms="5900" status="PASS">
          <reporter-output>
          </reporter-output>
        </test-method> <!-- tc1 -->
        <test-method is-config="true" signature="logout(org.testng.ITestResult)[pri:0, instance:testCase.Testcase1@3c7f66c4]" started-at="2024-07-05T13:45:04 IST" name="logout" finished-at="2024-07-05T13:45:05 IST" duration-ms="1450" status="PASS">
          <params>
            <param index="0">
              <value>
                <![CDATA[[TestResult name=tc1 status=SUCCESS method=Testcase1.tc1()[pri:0, instance:testCase.Testcase1@3c7f66c4] output={null}]]]>
              </value>
            </param>
          </params>
          <reporter-output>
          </reporter-output>
        </test-method> <!-- logout -->
        <test-method is-config="true" signature="loginpage()[pri:0, instance:testCase.Testcase1@3c7f66c4]" started-at="2024-07-05T13:45:05 IST" name="loginpage" finished-at="2024-07-05T13:45:06 IST" duration-ms="776" status="PASS">
          <reporter-output>
          </reporter-output>
        </test-method> <!-- loginpage -->
        <test-method signature="tc2()[pri:0, instance:testCase.Testcase1@3c7f66c4]" started-at="2024-07-05T13:45:06 IST" name="tc2" finished-at="2024-07-05T13:45:06 IST" duration-ms="3" status="FAIL">
          <exception class="java.lang.NullPointerException">
            <message>
              <![CDATA[Cannot invoke "pageObjects.Homepage.addemp_btn()" because "this.hm" is null]]>
            </message>
            <full-stacktrace>
              <![CDATA[java.lang.NullPointerException: Cannot invoke "pageObjects.Homepage.addemp_btn()" because "this.hm" is null
at pageObjects.My_informaton.clk_myinfo_link(My_informaton.java:27)
at testCase.Testcase1.tc2(Testcase1.java:35)
at java.base/jdk.internal.reflect.NativeMethodAccessorImpl.invoke0(Native Method)
at java.base/jdk.internal.reflect.NativeMethodAccessorImpl.invoke(NativeMethodAccessorImpl.java:77)
at java.base/jdk.internal.reflect.DelegatingMethodAccessorImpl.invoke(DelegatingMethodAccessorImpl.java:43)
at java.base/java.lang.reflect.Method.invoke(Method.java:568)
at org.testng.internal.MethodInvocationHelper.invokeMethod(MethodInvocationHelper.java:133)
at org.testng.internal.TestInvoker.invokeMethod(TestInvoker.java:598)
at org.testng.internal.TestInvoker.invokeTestMethod(TestInvoker.java:173)
at org.testng.internal.MethodRunner.runInSequence(MethodRunner.java:46)
at org.testng.internal.TestInvoker$MethodInvocationAgent.invoke(TestInvoker.java:824)
at org.testng.internal.TestInvoker.invokeTestMethods(TestInvoker.java:146)
at org.testng.internal.TestMethodWorker.invokeTestMethods(TestMethodWorker.java:146)
at org.testng.internal.TestMethodWorker.run(TestMethodWorker.java:128)
at java.base/java.util.ArrayList.forEach(ArrayList.java:1511)
at org.testng.TestRunner.privateRun(TestRunner.java:794)
at org.testng.TestRunner.run(TestRunner.java:596)
at org.testng.SuiteRunner.runTest(SuiteRunner.java:377)
at org.testng.SuiteRunner.runSequentially(SuiteRunner.java:371)
at org.testng.SuiteRunner.privateRun(SuiteRunner.java:332)
at org.testng.SuiteRunner.run(SuiteRunner.java:276)
at org.testng.SuiteRunnerWorker.runSuite(SuiteRunnerWorker.java:53)
at org.testng.SuiteRunnerWorker.run(SuiteRunnerWorker.java:96)
at org.testng.TestNG.runSuitesSequentially(TestNG.java:1212)
at org.testng.TestNG.runSuitesLocally(TestNG.java:1134)
at org.testng.TestNG.runSuites(TestNG.java:1063)
at org.testng.TestNG.run(TestNG.java:1031)
at org.testng.remote.AbstractRemoteTestNG.run(AbstractRemoteTestNG.java:115)
at org.testng.remote.RemoteTestNG.initAndRun(RemoteTestNG.java:293)
at org.testng.remote.RemoteTestNG.main(RemoteTestNG.java:91)
]]>
            </full-stacktrace>
          </exception> <!-- java.lang.NullPointerException -->
          <reporter-output>
          </reporter-output>
        </test-method> <!-- tc2 -->
        <test-method is-config="true" signature="logout(org.testng.ITestResult)[pri:0, instance:testCase.Testcase1@3c7f66c4]" started-at="2024-07-05T13:45:06 IST" name="logout" finished-at="2024-07-05T13:45:09 IST" duration-ms="2680" status="PASS">
          <params>
            <param index="0">
              <value>
                <![CDATA[[TestResult name=tc2 status=FAILURE method=Testcase1.tc2()[pri:0, instance:testCase.Testcase1@3c7f66c4] output={null}]]]>
              </value>
            </param>
          </params>
          <reporter-output>
          </reporter-output>
        </test-method> <!-- logout -->
        <test-method is-config="true" signature="closeBrwoser()[pri:0, instance:testCase.Testcase1@3c7f66c4]" started-at="2024-07-05T13:45:09 IST" name="closeBrwoser" finished-at="2024-07-05T13:45:09 IST" duration-ms="227" status="PASS">
          <reporter-output>
          </reporter-output>
        </test-method> <!-- closeBrwoser -->
      </class> <!-- testCase.Testcase1 -->
    </test> <!-- Test -->
  </suite> <!-- Suite -->
</testng-results>
