<?xml version="1.0" encoding="UTF-8"?>
<!-- Generated by org.testng.reporters.JUnitXMLReporter -->
<testsuite ignored="0" hostname="DESKTOP-PO3MI7H" failures="1" tests="2" name="Test" time="21.554" errors="0" timestamp="2024-07-05T13:45:09 IST">
  <testcase classname="testCase.Testcase1" name="tc1" time="5.9"/>
  <testcase classname="testCase.Testcase1" name="tc2" time="0.003">
    <failure type="java.lang.NullPointerException" message="Cannot invoke &amp;quot;pageObjects.Homepage.addemp_btn()&amp;quot; because &amp;quot;this.hm&amp;quot; is null">
      <![CDATA[java.lang.NullPointerException: Cannot invoke "pageObjects.Homepage.addemp_btn()" because "this.hm" is null
at pageObjects.My_informaton.clk_myinfo_link(My_informaton.java:27)
at testCase.Testcase1.tc2(Testcase1.java:35)
at java.base/java.util.ArrayList.forEach(ArrayList.java:1511)
... Removed 27 stack frames]]>
    </failure>
  </testcase> <!-- tc2 -->
</testsuite> <!-- Test -->
